Loading the ModusToolbox Technology Packs and Early Access Packs
Finished loading the ModusToolbox Technology Packs and Early Access Packs (3 ms)
Loading the tools information
Finished loading the tools information (69 ms)
Loading the manifest data
Loading super manfiest files from all sources
Getting manifests from remote and/or local sources
Processing system manifest 'https://modustoolbox.infineon.com/manifests/mtb-super-manifest/v2.X/mtb-super-manifest-fv2.xml'
Downloading super manifest file 'https://modustoolbox.infineon.com/manifests/mtb-super-manifest/v2.X/mtb-super-manifest-fv2.xml'
Finished loading super manifest files from all sources
Finished download of file 'https://modustoolbox.infineon.com/manifests/mtb-super-manifest/v2.X/mtb-super-manifest-fv2.xml'
Starting to parse super manifest with URL 'https://modustoolbox.infineon.com/manifests/mtb-super-manifest/v2.X/mtb-super-manifest-fv2.xml'
Finished parsing super manifest with URL 'https://modustoolbox.infineon.com/manifests/mtb-super-manifest/v2.X/mtb-super-manifest-fv2.xml'
Downloading manifest file 'https://github.com/Infineon/mtb-ce-manifest/raw/v2.X/mtb-ce-manifest.xml'
Downloading manifest file 'https://github.com/Infineon/mtb-ce-manifest/raw/v2.X/mtb-ce-manifest-fv2.xml'
Downloading manifest file 'https://github.com/Infineon/mtb-bt-app-manifest/raw/v2.X/mtb-bt-app-manifest.xml'
Downloading manifest file 'https://github.com/Infineon/mtb-bt-app-manifest/raw/v2.X/mtb-bt-app-manifest-fv2.xml'
Downloading manifest file 'https://github.com/Infineon/cce-app-manifest/raw/v2.X/cce-app-manifest-fv2.xml'
Downloading manifest file 'https://github.com/Altia-Marketing/altia-ce-manifest/raw/main/altia-ce-manifest-fv2.xml'
Downloading manifest file 'https://github.com/avnet-iotconnect/avnet-iotc-mtb-ce-manifest/raw/main/avnet-iotc-mtb-ce-manifest-fv2.xml'
Downloading manifest file 'https://github.com/CyberonEBU/cyberon-mtb-ce-manifest/raw/main/cyberon-mtb-ce-manifest-fv2.xml'
Downloading manifest file 'https://github.com/edgeimpulse/edgeimpulse-ce-manifest/raw/main/edgeimpulse-ce-manifest-fv2.xml'
Downloading manifest file 'https://github.com/golioth/mtb-golioth-ce-manifest/raw/main/mtb-golioth-ce-manifest-fv2.xml'
Downloading manifest file 'https://github.com/memfault/mtb-memfault-ce-manifest/raw/main/mtb-memfault-ce-manifest-fv2.xml'
Downloading manifest file 'https://github.com/RutronikSystemSolutions/rutronik-ce-manifest/raw/main/rutronik-ce-manifest-fv2.xml'
Downloading manifest file 'https://github.com/sensiml/sensiml-ce-manifest/raw/main/sensiml-ce-manifest-fv2.xml'
Downloading manifest file 'https://github.com/Infineon/mtb-bsp-manifest/raw/v2.X/mtb-bsp-manifest.xml'
Downloading manifest file 'https://github.com/Infineon/mtb-bsp-manifest/raw/v2.X/mtb-bsp-capabilities-manifest.json'
Downloading manifest file 'https://github.com/Infineon/mtb-bsp-manifest/raw/v2.X/mtb-bsp-manifest-fv2.xml'
Downloading manifest file 'https://github.com/Infineon/mtb-bsp-manifest/raw/v2.X/mtb-bsp-dependencies-manifest.xml'
Downloading manifest file 'https://github.com/Infineon/mtb-bt-bsp-manifest/raw/v2.X/mtb-bt-bsp-manifest.xml'
Downloading manifest file 'https://github.com/Infineon/mtb-bt-bsp-manifest/raw/v2.X/mtb-bt-bsp-manifest-fv2.xml'
Downloading manifest file 'https://github.com/Infineon/mtb-bt-bsp-manifest/raw/v2.X/mtb-bt-bsp-dependencies-manifest.xml'
Downloading manifest file 'https://github.com/Inventek/inventek-bsp-manifest/raw/main/inventek-bsp-manifest-fv2.xml'
Downloading manifest file 'https://github.com/Inventek/inventek-bsp-manifest/raw/main/inventek-bsp-dependencies-manifest.xml'
Downloading manifest file 'https://github.com/RutronikSystemSolutions/rutronik-bsp-manifest/raw/main/rutronik-bsp-manifest-fv2.xml'
Downloading manifest file 'https://github.com/RutronikSystemSolutions/rutronik-bsp-manifest/raw/main/rutronik-bsp-dependencies-manifest.xml'
Downloading manifest file 'https://github.com/Infineon/mtb-mw-manifest/raw/v2.X/mtb-mw-manifest.xml'
Downloading manifest file 'https://github.com/Infineon/mtb-mw-manifest/raw/v2.X/mtb-mw-manifest-fv2.xml'
Downloading manifest file 'https://github.com/Infineon/mtb-mw-manifest/raw/v2.X/mtb-mw-dependencies-manifest.xml'
Downloading manifest file 'https://github.com/Infineon/mtb-bt-mw-manifest/raw/v2.X/mtb-bt-mw-manifest.xml'
Downloading manifest file 'https://github.com/Infineon/mtb-bt-mw-manifest/raw/v2.X/mtb-bt-mw-manifest-fv2.xml'
Downloading manifest file 'https://github.com/Infineon/mtb-bt-mw-manifest/raw/v2.X/mtb-bt-mw-dependencies-manifest.xml'
Downloading manifest file 'https://github.com/Infineon/mtb-wifi-mw-manifest/raw/v2.X/mtb-wifi-mw-manifest.xml'
Downloading manifest file 'https://github.com/Infineon/mtb-wifi-mw-manifest/raw/v2.X/mtb-wifi-mw-manifest-fv2.xml'
Downloading manifest file 'https://github.com/Infineon/mtb-wifi-mw-manifest/raw/v2.X/mtb-wifi-mw-dependencies-manifest.xml'
Downloading manifest file 'https://github.com/avnet-iotconnect/avnet-iotc-mtb-mw-manifest/raw/main/avnet-iotc-mtb-mw-manifest-fv2.xml'
Downloading manifest file 'https://github.com/CyberonEBU/cyberon-mtb-mw-manifest/raw/main/cyberon-mtb-mw-manifest-fv2.xml'
Downloading manifest file 'https://github.com/golioth/mtb-golioth-mw-manifest/raw/main/mtb-golioth-mw-manifest-fv2.xml'
Downloading manifest file 'https://github.com/memfault/mtb-memfault-mw-manifest/raw/main/mtb-memfault-mw-manifest-fv2.xml'
Downloading manifest file 'https://github.com/sensiml/sensiml-mw-manifest/raw/main/sensiml-mw-manifest-fv2.xml'
Finished download of file 'https://github.com/Infineon/mtb-ce-manifest/raw/v2.X/mtb-ce-manifest.xml'
Finished download of file 'https://github.com/Infineon/mtb-ce-manifest/raw/v2.X/mtb-ce-manifest-fv2.xml'
Finished download of file 'https://github.com/Infineon/mtb-bt-app-manifest/raw/v2.X/mtb-bt-app-manifest.xml'
Finished download of file 'https://github.com/Infineon/mtb-bt-app-manifest/raw/v2.X/mtb-bt-app-manifest-fv2.xml'
Finished download of file 'https://github.com/Infineon/cce-app-manifest/raw/v2.X/cce-app-manifest-fv2.xml'
Finished download of file 'https://github.com/Altia-Marketing/altia-ce-manifest/raw/main/altia-ce-manifest-fv2.xml'
Finished download of file 'https://github.com/avnet-iotconnect/avnet-iotc-mtb-ce-manifest/raw/main/avnet-iotc-mtb-ce-manifest-fv2.xml'
Finished download of file 'https://github.com/CyberonEBU/cyberon-mtb-ce-manifest/raw/main/cyberon-mtb-ce-manifest-fv2.xml'
Finished download of file 'https://github.com/edgeimpulse/edgeimpulse-ce-manifest/raw/main/edgeimpulse-ce-manifest-fv2.xml'
Finished download of file 'https://github.com/golioth/mtb-golioth-ce-manifest/raw/main/mtb-golioth-ce-manifest-fv2.xml'
Finished download of file 'https://github.com/memfault/mtb-memfault-ce-manifest/raw/main/mtb-memfault-ce-manifest-fv2.xml'
Finished download of file 'https://github.com/RutronikSystemSolutions/rutronik-ce-manifest/raw/main/rutronik-ce-manifest-fv2.xml'
Finished download of file 'https://github.com/sensiml/sensiml-ce-manifest/raw/main/sensiml-ce-manifest-fv2.xml'
Finished download of file 'https://github.com/Infineon/mtb-bsp-manifest/raw/v2.X/mtb-bsp-manifest.xml'
Finished download of file 'https://github.com/Infineon/mtb-bsp-manifest/raw/v2.X/mtb-bsp-capabilities-manifest.json'
Finished download of file 'https://github.com/Infineon/mtb-bsp-manifest/raw/v2.X/mtb-bsp-manifest-fv2.xml'
Finished download of file 'https://github.com/Infineon/mtb-bsp-manifest/raw/v2.X/mtb-bsp-dependencies-manifest.xml'
Finished download of file 'https://github.com/Infineon/mtb-bt-bsp-manifest/raw/v2.X/mtb-bt-bsp-manifest.xml'
Finished download of file 'https://github.com/Infineon/mtb-bt-bsp-manifest/raw/v2.X/mtb-bt-bsp-manifest-fv2.xml'
Finished download of file 'https://github.com/Infineon/mtb-bt-bsp-manifest/raw/v2.X/mtb-bt-bsp-dependencies-manifest.xml'
Finished download of file 'https://github.com/Inventek/inventek-bsp-manifest/raw/main/inventek-bsp-manifest-fv2.xml'
Finished download of file 'https://github.com/Inventek/inventek-bsp-manifest/raw/main/inventek-bsp-dependencies-manifest.xml'
Finished download of file 'https://github.com/RutronikSystemSolutions/rutronik-bsp-manifest/raw/main/rutronik-bsp-manifest-fv2.xml'
Finished download of file 'https://github.com/RutronikSystemSolutions/rutronik-bsp-manifest/raw/main/rutronik-bsp-dependencies-manifest.xml'
Finished download of file 'https://github.com/Infineon/mtb-mw-manifest/raw/v2.X/mtb-mw-manifest.xml'
Finished download of file 'https://github.com/Infineon/mtb-mw-manifest/raw/v2.X/mtb-mw-manifest-fv2.xml'
Finished download of file 'https://github.com/Infineon/mtb-mw-manifest/raw/v2.X/mtb-mw-dependencies-manifest.xml'
Finished download of file 'https://github.com/Infineon/mtb-bt-mw-manifest/raw/v2.X/mtb-bt-mw-manifest.xml'
Finished download of file 'https://github.com/Infineon/mtb-bt-mw-manifest/raw/v2.X/mtb-bt-mw-manifest-fv2.xml'
Finished download of file 'https://github.com/Infineon/mtb-bt-mw-manifest/raw/v2.X/mtb-bt-mw-dependencies-manifest.xml'
Finished download of file 'https://github.com/Infineon/mtb-wifi-mw-manifest/raw/v2.X/mtb-wifi-mw-manifest.xml'
Finished download of file 'https://github.com/Infineon/mtb-wifi-mw-manifest/raw/v2.X/mtb-wifi-mw-manifest-fv2.xml'
Finished download of file 'https://github.com/Infineon/mtb-wifi-mw-manifest/raw/v2.X/mtb-wifi-mw-dependencies-manifest.xml'
Finished download of file 'https://github.com/avnet-iotconnect/avnet-iotc-mtb-mw-manifest/raw/main/avnet-iotc-mtb-mw-manifest-fv2.xml'
Finished download of file 'https://github.com/CyberonEBU/cyberon-mtb-mw-manifest/raw/main/cyberon-mtb-mw-manifest-fv2.xml'
Finished download of file 'https://github.com/golioth/mtb-golioth-mw-manifest/raw/main/mtb-golioth-mw-manifest-fv2.xml'
Finished download of file 'https://github.com/memfault/mtb-memfault-mw-manifest/raw/main/mtb-memfault-mw-manifest-fv2.xml'
Finished download of file 'https://github.com/sensiml/sensiml-mw-manifest/raw/main/sensiml-mw-manifest-fv2.xml'
Finished loading the manifest data (2631 ms)
0 error(s), 0 warning(s)

Summary: 

BSP: CY8CPROTO-062-4343W
Template Application(s): Wi-Fi_MQTT_Client_Sensors
Application(s) Root Path: C:/Users/Johannes/Psoc_X5

Press "Create" to create the selected application(s).

Collecting application data...

Info: The following entered on the command line will create the exact same project as that created with the GUI tool:
C:/Users/Johannes/ModusToolbox/tools_3.2/project-creator/project-creator-cli.exe --board-id CY8CPROTO-062-4343W --board-uri https://github.com/cypresssemiconductorco/TARGET_CY8CPROTO-062-4343W --board-commit latest-v4.X --app-path C:/Users/Johannes/mtw/Wi-Fi_MQTT_Client_Sensors --target-dir C:/Users/Johannes/Psoc_X5 --user-app-name MQTT_client --use-modus-shell

Starting application creation for 'C:/Users/Johannes/Psoc_X5/MQTT_client'.
Acquiring the application source 'C:/Users/Johannes/mtw/Wi-Fi_MQTT_Client_Sensors'.
Copying C:/Users/Johannes/mtw/Wi-Fi_MQTT_Client_Sensors to C:/Users/Johannes/Psoc_X5/MQTT_client.
Copied C:/Users/Johannes/mtw/Wi-Fi_MQTT_Client_Sensors to C:/Users/Johannes/Psoc_X5/MQTT_client.
Acquired application source successfully.
Loading the application.
Loaded the application successfully.
Processing project 'MQTT_client'.
Starting to commit changes to the filesystem and project 'mtb-example-wifi-mqtt-client'.
Writing mtb file for asset 'CY8CPROTO-062-4343W' to the folder 'C:/Users/Johannes/Psoc_X5/MQTT_client/deps'.
Starting: git -C C:/Users/Johannes/Psoc_X5/mtb_shared/mqtt clone --origin cypress --no-checkout --filter=blob:none https://github.com/cypresssemiconductorco/mqtt release-v4.6.0
Starting: git -C C:/Users/Johannes/Psoc_X5/mtb_shared/retarget-io/release-v1.6.0 -c advice.detachedHead=false checkout release-v1.6.0 --force
Starting: git -C C:/Users/Johannes/Psoc_X5/mtb_shared/serial-flash clone --origin cypress --no-checkout --filter=blob:none https://github.com/cypresssemiconductorco/serial-flash release-v1.4.2
Starting: git -C C:/Users/Johannes/Psoc_X5/mtb_shared/wifi-core-freertos-lwip-mbedtls clone --origin cypress --no-checkout --filter=blob:none https://github.com/Infineon/wifi-core-freertos-lwip-mbedtls release-v2.1.0
Cloning into 'release-v4.6.0'...
Cloning into 'release-v1.4.2'...
Cloning into 'release-v2.1.0'...
HEAD is now at 33bd0e3 Upload retarget-io [2708]
Success: git -C C:/Users/Johannes/Psoc_X5/mtb_shared/retarget-io/release-v1.6.0 -c advice.detachedHead=false checkout release-v1.6.0 --force
Starting: git -C C:/Users/Johannes/Psoc_X5/MQTT_client/libs clone --origin cypress --no-checkout --filter=blob:none https://github.com/cypresssemiconductorco/TARGET_CY8CPROTO-062-4343W TARGET_CY8CPROTO-062-4343W
Cloning into 'TARGET_CY8CPROTO-062-4343W'...
Success: git -C C:/Users/Johannes/Psoc_X5/mtb_shared/wifi-core-freertos-lwip-mbedtls clone --origin cypress --no-checkout --filter=blob:none https://github.com/Infineon/wifi-core-freertos-lwip-mbedtls release-v2.1.0
Starting: git -C C:/Users/Johannes/Psoc_X5/mtb_shared/abstraction-rtos/release-v1.8.2 -c advice.detachedHead=false checkout release-v1.8.2 --force
Success: git -C C:/Users/Johannes/Psoc_X5/mtb_shared/mqtt clone --origin cypress --no-checkout --filter=blob:none https://github.com/cypresssemiconductorco/mqtt release-v4.6.0
Starting: git -C C:/Users/Johannes/Psoc_X5/mtb_shared/aws-iot-device-sdk-embedded-C clone --origin cypress --no-checkout --filter=blob:none https://github.com/aws/aws-iot-device-sdk-embedded-C 202103.00
Success: git -C C:/Users/Johannes/Psoc_X5/mtb_shared/serial-flash clone --origin cypress --no-checkout --filter=blob:none https://github.com/cypresssemiconductorco/serial-flash release-v1.4.2
Starting: git -C C:/Users/Johannes/Psoc_X5/mtb_shared/aws-iot-device-sdk-port clone --origin cypress --no-checkout --filter=blob:none https://github.com/cypresssemiconductorco/aws-iot-device-sdk-port release-v2.5.0
Success: git -C C:/Users/Johannes/Psoc_X5/MQTT_client/libs clone --origin cypress --no-checkout --filter=blob:none https://github.com/cypresssemiconductorco/TARGET_CY8CPROTO-062-4343W TARGET_CY8CPROTO-062-4343W
Starting: git -C C:/Users/Johannes/Psoc_X5/mtb_shared/cat1cm0p/release-v1.7.0 -c advice.detachedHead=false checkout release-v1.7.0 --force
Cloning into '202103.00'...
Cloning into 'release-v2.5.0'...
HEAD is now at 8498cc2 Upload abstraction-rtos [2654]
Success: git -C C:/Users/Johannes/Psoc_X5/mtb_shared/abstraction-rtos/release-v1.8.2 -c advice.detachedHead=false checkout release-v1.8.2 --force
Starting: git -C C:/Users/Johannes/Psoc_X5/mtb_shared/clib-support/release-v1.5.0 -c advice.detachedHead=false checkout release-v1.5.0 --force
HEAD is now at ff914ca Upload cat1cm0p 1.7.0.499 [2752]
Success: git -C C:/Users/Johannes/Psoc_X5/mtb_shared/cat1cm0p/release-v1.7.0 -c advice.detachedHead=false checkout release-v1.7.0 --force
Starting: git -C C:/Users/Johannes/Psoc_X5/mtb_shared/cmsis/release-v5.8.1 -c advice.detachedHead=false checkout release-v5.8.1 --force
HEAD is now at 654db3a 
Upload clib-support [2455]
Success: git -C C:/Users/Johannes/Psoc_X5/mtb_shared/clib-support/release-v1.5.0 -c advice.detachedHead=false checkout release-v1.5.0 --force
Starting: git -C C:/Users/Johannes/Psoc_X5/mtb_shared/connectivity-utilities clone --origin cypress --no-checkout --filter=blob:none https://github.com/cypresssemiconductorco/connectivity-utilities release-v4.5.0
Cloning into 'release-v4.5.0'...
HEAD is now at 7d17679 Upload cmsis 5.8.1.114 [2752]
Success: git -C C:/Users/Johannes/Psoc_X5/mtb_shared/cmsis/release-v5.8.1 -c advice.detachedHead=false checkout release-v5.8.1 --force
Starting: git -C C:/Users/Johannes/Psoc_X5/mtb_shared/core-lib/release-v1.4.2 -c advice.detachedHead=false checkout release-v1.4.2 --force
HEAD is now at e28913a Upload core-lib [2455]
Success: git -C C:/Users/Johannes/Psoc_X5/mtb_shared/core-lib/release-v1.4.2 -c advice.detachedHead=false checkout release-v1.4.2 --force
Starting: git -C C:/Users/Johannes/Psoc_X5/mtb_shared/core-make/release-v3.3.1 -c advice.detachedHead=false checkout release-v3.3.1 --force
HEAD is now at 58bf444 Upload core-make 3.3.1.5153 [2252]
Success: git -C C:/Users/Johannes/Psoc_X5/mtb_shared/core-make/release-v3.3.1 -c advice.detachedHead=false checkout release-v3.3.1 --force
Starting: git -C C:/Users/Johannes/Psoc_X5/mtb_shared/cy-mbedtls-acceleration clone --origin cypress --no-checkout --filter=blob:none https://github.com/cypresssemiconductorco/cy-mbedtls-acceleration release-v2.4.0
Cloning into 'release-v2.4.0'...
Success: git -C C:/Users/Johannes/Psoc_X5/mtb_shared/aws-iot-device-sdk-port clone --origin cypress --no-checkout --filter=blob:none https://github.com/cypresssemiconductorco/aws-iot-device-sdk-port release-v2.5.0
Starting: git -C C:/Users/Johannes/.modustoolbox/global/device-db/release-v4.18.0 -c advice.detachedHead=false checkout release-v4.18.0 --force
Success: git -C C:/Users/Johannes/Psoc_X5/mtb_shared/connectivity-utilities clone --origin cypress --no-checkout --filter=blob:none https://github.com/cypresssemiconductorco/connectivity-utilities release-v4.5.0
Starting: git -C C:/Users/Johannes/Psoc_X5/mtb_shared/freertos/release-v10.5.002 -c advice.detachedHead=false checkout release-v10.5.002 --force
HEAD is now at e175e03 Upload freertos 10.5.002.657 [2307]
Success: git -C C:/Users/Johannes/Psoc_X5/mtb_shared/freertos/release-v10.5.002 -c advice.detachedHead=false checkout release-v10.5.002 --force
Starting: git -C C:/Users/Johannes/Psoc_X5/mtb_shared/lwip-freertos-integration clone --origin cypress --no-checkout --filter=blob:none https://github.com/Infineon/lwip-freertos-integration release-v1.0.0
Cloning into 'release-v1.0.0'...
Success: git -C C:/Users/Johannes/Psoc_X5/mtb_shared/aws-iot-device-sdk-embedded-C clone --origin cypress --no-checkout --filter=blob:none https://github.com/aws/aws-iot-device-sdk-embedded-C 202103.00
Starting: git -C C:/Users/Johannes/Psoc_X5/mtb_shared/lwip-network-interface-integration clone --origin cypress --no-checkout --filter=blob:none https://github.com/Infineon/lwip-network-interface-integration release-v1.4.1
HEAD is now at 07182a6f Upload device-db 4.18.0.7028 [2794]
Success: git -C C:/Users/Johannes/.modustoolbox/global/device-db/release-v4.18.0 -c advice.detachedHead=false checkout release-v4.18.0 --force
Starting: git -C C:/Users/Johannes/Psoc_X5/mtb_shared/lwip clone --origin cypress --no-checkout --filter=blob:none https://github.com/lwip-tcpip/lwip STABLE-2_1_2_RELEASE
Cloning into 'release-v1.4.1'...
Cloning into 'STABLE-2_1_2_RELEASE'...
Success: git -C C:/Users/Johannes/Psoc_X5/mtb_shared/cy-mbedtls-acceleration clone --origin cypress --no-checkout --filter=blob:none https://github.com/cypresssemiconductorco/cy-mbedtls-acceleration release-v2.4.0
Starting: git -C C:/Users/Johannes/Psoc_X5/mtb_shared/mbedtls clone --origin cypress --no-checkout --filter=blob:none https://github.com/ARMmbed/mbedtls mbedtls-3.4.0
Cloning into 'mbedtls-3.4.0'...
Success: git -C C:/Users/Johannes/Psoc_X5/mtb_shared/lwip-freertos-integration clone --origin cypress --no-checkout --filter=blob:none https://github.com/Infineon/lwip-freertos-integration release-v1.0.0
Starting: git -C C:/Users/Johannes/Psoc_X5/mtb_shared/mtb-hal-cat1/release-v2.6.1 -c advice.detachedHead=false checkout release-v2.6.1 --force
Success: git -C C:/Users/Johannes/Psoc_X5/mtb_shared/lwip-network-interface-integration clone --origin cypress --no-checkout --filter=blob:none https://github.com/Infineon/lwip-network-interface-integration release-v1.4.1
Starting: git -C C:/Users/Johannes/Psoc_X5/mtb_shared/mtb-pdl-cat1/release-v3.12.0 -c advice.detachedHead=false checkout release-v3.12.0 --force
HEAD is now at 56ee340 Upload mtb-hal-cat1 [2593]
Success: git -C C:/Users/Johannes/Psoc_X5/mtb_shared/mtb-hal-cat1/release-v2.6.1 -c advice.detachedHead=false checkout release-v2.6.1 --force
Starting: git -C C:/Users/Johannes/Psoc_X5/mtb_shared/recipe-make-cat1a/release-v2.2.1 -c advice.detachedHead=false checkout release-v2.2.1 --force
HEAD is now at 3f18eed Upload recipe-make-cat1a 2.2.1.5190 [2313]
Success: git -C C:/Users/Johannes/Psoc_X5/mtb_shared/recipe-make-cat1a/release-v2.2.1 -c advice.detachedHead=false checkout release-v2.2.1 --force
Starting: git -C C:/Users/Johannes/Psoc_X5/mtb_shared/secure-sockets clone --origin cypress --no-checkout --filter=blob:none https://github.com/cypresssemiconductorco/secure-sockets release-v3.7.0
HEAD is now at cd8d37e Upload mtb-pdl-cat1 3.12.0.36524 [2752]
Success: git -C C:/Users/Johannes/Psoc_X5/mtb_shared/mtb-pdl-cat1/release-v3.12.0 -c advice.detachedHead=false checkout release-v3.12.0 --force
Starting: git -C C:/Users/Johannes/Psoc_X5/mtb_shared/whd-bsp-integration clone --origin cypress --no-checkout --filter=blob:none https://github.com/cypresssemiconductorco/whd-bsp-integration release-v2.3.0
Cloning into 'release-v3.7.0'...
Cloning into 'release-v2.3.0'...
Success: git -C C:/Users/Johannes/Psoc_X5/mtb_shared/whd-bsp-integration clone --origin cypress --no-checkout --filter=blob:none https://github.com/cypresssemiconductorco/whd-bsp-integration release-v2.3.0
Starting: git -C C:/Users/Johannes/Psoc_X5/mtb_shared/wifi-connection-manager clone --origin cypress --no-checkout --filter=blob:none https://github.com/cypresssemiconductorco/wifi-connection-manager release-v3.5.0
Success: git -C C:/Users/Johannes/Psoc_X5/mtb_shared/secure-sockets clone --origin cypress --no-checkout --filter=blob:none https://github.com/cypresssemiconductorco/secure-sockets release-v3.7.0
Starting: git -C C:/Users/Johannes/Psoc_X5/mtb_shared/wifi-host-driver clone --origin cypress --no-checkout --filter=blob:none https://github.com/cypresssemiconductorco/wifi-host-driver release-v4.1.1
Cloning into 'release-v3.5.0'...
Cloning into 'release-v4.1.1'...
Success: git -C C:/Users/Johannes/Psoc_X5/mtb_shared/lwip clone --origin cypress --no-checkout --filter=blob:none https://github.com/lwip-tcpip/lwip STABLE-2_1_2_RELEASE
Starting: git -C C:/Users/Johannes/Psoc_X5/mtb_shared/wifi-resources clone --origin cypress --no-checkout --filter=blob:none https://github.com/Infineon/wifi-resources release-v1.0.0
Cloning into 'release-v1.0.0'...
Success: git -C C:/Users/Johannes/Psoc_X5/mtb_shared/wifi-connection-manager clone --origin cypress --no-checkout --filter=blob:none https://github.com/cypresssemiconductorco/wifi-connection-manager release-v3.5.0
Starting: git -C C:/Users/Johannes/Psoc_X5/mtb_shared/wpa3-external-supplicant clone --origin cypress --no-checkout --filter=blob:none https://github.com/Infineon/wpa3-external-supplicant release-v1.2.1
Cloning into 'release-v1.2.1'...
Success: git -C C:/Users/Johannes/Psoc_X5/mtb_shared/wifi-host-driver clone --origin cypress --no-checkout --filter=blob:none https://github.com/cypresssemiconductorco/wifi-host-driver release-v4.1.1
Starting: git -C C:/Users/Johannes/Psoc_X5/mtb_shared/wifi-core-freertos-lwip-mbedtls/release-v2.1.0 -c advice.detachedHead=false checkout release-v2.1.0 --force
Success: git -C C:/Users/Johannes/Psoc_X5/mtb_shared/wifi-resources clone --origin cypress --no-checkout --filter=blob:none https://github.com/Infineon/wifi-resources release-v1.0.0
Starting: git -C C:/Users/Johannes/Psoc_X5/mtb_shared/mqtt/release-v4.6.0 -c advice.detachedHead=false checkout release-v4.6.0 --force
Success: git -C C:/Users/Johannes/Psoc_X5/mtb_shared/wpa3-external-supplicant clone --origin cypress --no-checkout --filter=blob:none https://github.com/Infineon/wpa3-external-supplicant release-v1.2.1
Starting: git -C C:/Users/Johannes/Psoc_X5/mtb_shared/serial-flash/release-v1.4.2 -c advice.detachedHead=false checkout release-v1.4.2 --force
HEAD is now at 4014b19 Upload wifi-core-freertos-lwip-mbedtls 2.1.0.140 [2644]
Success: git -C C:/Users/Johannes/Psoc_X5/mtb_shared/wifi-core-freertos-lwip-mbedtls/release-v2.1.0 -c advice.detachedHead=false checkout release-v2.1.0 --force
Starting: git -C C:/Users/Johannes/Psoc_X5/MQTT_client/libs/TARGET_CY8CPROTO-062-4343W -c advice.detachedHead=false checkout release-v4.3.2 --force
HEAD is now at 9830481 Upload serial-flash [1864]
Success: git -C C:/Users/Johannes/Psoc_X5/mtb_shared/serial-flash/release-v1.4.2 -c advice.detachedHead=false checkout release-v1.4.2 --force
Starting: git -C C:/Users/Johannes/Psoc_X5/mtb_shared/aws-iot-device-sdk-port/release-v2.5.0 -c advice.detachedHead=false checkout release-v2.5.0 --force
HEAD is now at c0dc092 Upload TARGET_CY8CPROTO-062-4343W [2752]
Success: git -C C:/Users/Johannes/Psoc_X5/MQTT_client/libs/TARGET_CY8CPROTO-062-4343W -c advice.detachedHead=false checkout release-v4.3.2 --force
Starting: git -C C:/Users/Johannes/Psoc_X5/mtb_shared/connectivity-utilities/release-v4.5.0 -c advice.detachedHead=false checkout release-v4.5.0 --force
HEAD is now at 8905660 Upload mqtt 4.6.0.1640 [2644]
Success: git -C C:/Users/Johannes/Psoc_X5/mtb_shared/mqtt/release-v4.6.0 -c advice.detachedHead=false checkout release-v4.6.0 --force
Starting: git -C C:/Users/Johannes/Psoc_X5/mtb_shared/aws-iot-device-sdk-embedded-C/202103.00 -c advice.detachedHead=false checkout 202103.00 --force
HEAD is now at 7662b62 Upload aws-iot-device-sdk-port 2.5.0.494 [2455]
Success: git -C C:/Users/Johannes/Psoc_X5/mtb_shared/aws-iot-device-sdk-port/release-v2.5.0 -c advice.detachedHead=false checkout release-v2.5.0 --force
Starting: git -C C:/Users/Johannes/Psoc_X5/mtb_shared/cy-mbedtls-acceleration/release-v2.4.0 -c advice.detachedHead=false checkout release-v2.4.0 --force
HEAD is now at d7a8fc8 Upload cy-mbedtls-acceleration 2.4.0.1308 [2752]
Success: git -C C:/Users/Johannes/Psoc_X5/mtb_shared/cy-mbedtls-acceleration/release-v2.4.0 -c advice.detachedHead=false checkout release-v2.4.0 --force
Starting: git -C C:/Users/Johannes/Psoc_X5/mtb_shared/lwip-freertos-integration/release-v1.0.0 -c advice.detachedHead=false checkout release-v1.0.0 --force
HEAD is now at f4797e9 Upload lwip-freertos-integration 1.0.0.19
Success: git -C C:/Users/Johannes/Psoc_X5/mtb_shared/lwip-freertos-integration/release-v1.0.0 -c advice.detachedHead=false checkout release-v1.0.0 --force
Starting: git -C C:/Users/Johannes/Psoc_X5/mtb_shared/lwip-network-interface-integration/release-v1.4.1 -c advice.detachedHead=false checkout release-v1.4.1 --force
HEAD is now at c667f90 Upload connectivity-utilities 4.5.0.1401 [2644]
Success: git -C C:/Users/Johannes/Psoc_X5/mtb_shared/connectivity-utilities/release-v4.5.0 -c advice.detachedHead=false checkout release-v4.5.0 --force
Starting: git -C C:/Users/Johannes/Psoc_X5/mtb_shared/whd-bsp-integration/release-v2.3.0 -c advice.detachedHead=false checkout release-v2.3.0 --force
HEAD is now at 0a6aa58 Upload whd-bsp-integration [2455]
Success: git -C C:/Users/Johannes/Psoc_X5/mtb_shared/whd-bsp-integration/release-v2.3.0 -c advice.detachedHead=false checkout release-v2.3.0 --force
Starting: git -C C:/Users/Johannes/Psoc_X5/mtb_shared/secure-sockets/release-v3.7.0 -c advice.detachedHead=false checkout release-v3.7.0 --force
HEAD is now at 01150a0 Update release workflows to run on Ubuntu 18.04 runners (#1575)
Success: git -C C:/Users/Johannes/Psoc_X5/mtb_shared/aws-iot-device-sdk-embedded-C/202103.00 -c advice.detachedHead=false checkout 202103.00 --force
Starting: git -C C:/Users/Johannes/Psoc_X5/mtb_shared/lwip/STABLE-2_1_2_RELEASE -c advice.detachedHead=false checkout STABLE-2_1_2_RELEASE --force
HEAD is now at 158fc3b Upload lwip-network-interface-integration 1.4.1.359 [2752]
Success: git -C C:/Users/Johannes/Psoc_X5/mtb_shared/lwip-network-interface-integration/release-v1.4.1 -c advice.detachedHead=false checkout release-v1.4.1 --force
Starting: git -C C:/Users/Johannes/Psoc_X5/mtb_shared/wifi-connection-manager/release-v3.5.0 -c advice.detachedHead=false checkout release-v3.5.0 --force
Success: git -C C:/Users/Johannes/Psoc_X5/mtb_shared/mbedtls clone --origin cypress --no-checkout --filter=blob:none https://github.com/ARMmbed/mbedtls mbedtls-3.4.0
Starting: git -C C:/Users/Johannes/Psoc_X5/mtb_shared/wifi-host-driver/release-v4.1.1 -c advice.detachedHead=false checkout release-v4.1.1 --force
HEAD is now at d2a78dd Upload secure-sockets 3.7.0.2676 [2644]
Success: git -C C:/Users/Johannes/Psoc_X5/mtb_shared/secure-sockets/release-v3.7.0 -c advice.detachedHead=false checkout release-v3.7.0 --force
Starting: git -C C:/Users/Johannes/Psoc_X5/mtb_shared/wifi-resources/release-v1.0.0 -c advice.detachedHead=false checkout release-v1.0.0 --force
HEAD is now at 7d53742 Upload wifi-connection-manager 3.5.0.2268 [2644]
Success: git -C C:/Users/Johannes/Psoc_X5/mtb_shared/wifi-connection-manager/release-v3.5.0 -c advice.detachedHead=false checkout release-v3.5.0 --force
Starting: git -C C:/Users/Johannes/Psoc_X5/mtb_shared/wpa3-external-supplicant/release-v1.2.1 -c advice.detachedHead=false checkout release-v1.2.1 --force
HEAD is now at 224e570 Upload wifi-resources 1.0.0.52 [2752]
Success: git -C C:/Users/Johannes/Psoc_X5/mtb_shared/wifi-resources/release-v1.0.0 -c advice.detachedHead=false checkout release-v1.0.0 --force
Starting: git -C C:/Users/Johannes/Psoc_X5/mtb_shared/aws-iot-device-sdk-embedded-C/202103.00 -c protocol.file.allow=always submodule update --init --force
HEAD is now at cfaeaa6 Upload wpa3-external-supplicant 1.2.1.146 [2307]
Success: git -C C:/Users/Johannes/Psoc_X5/mtb_shared/wpa3-external-supplicant/release-v1.2.1 -c advice.detachedHead=false checkout release-v1.2.1 --force
Starting: git -C C:/Users/Johannes/Psoc_X5/mtb_shared/mbedtls/mbedtls-3.4.0 -c advice.detachedHead=false checkout mbedtls-3.4.0 --force
HEAD is now at 159e31b6 Prepare 2.1.2 release
Success: git -C C:/Users/Johannes/Psoc_X5/mtb_shared/lwip/STABLE-2_1_2_RELEASE -c advice.detachedHead=false checkout STABLE-2_1_2_RELEASE --force
Submodule 'demos/jobs/jobs_demo_mosquitto/libmosquitto' (https://github.com/eclipse/mosquitto.git) registered for path 'demos/jobs/jobs_demo_mosquitto/libmosquitto'
Submodule 'libraries/3rdparty/CMock' (https://github.com/ThrowTheSwitch/CMock) registered for path 'libraries/3rdparty/CMock'
Submodule 'libraries/aws/device-defender-for-aws-iot-embedded-sdk' (https://github.com/aws/device-defender-for-aws-iot-embedded-sdk.git) registered for path 'libraries/aws/device-defender-for-aws-iot-embedded-sdk'
Submodule 'libraries/aws/device-shadow-for-aws-iot-embedded-sdk' (https://github.com/aws/device-shadow-for-aws-iot-embedded-sdk.git) registered for path 'libraries/aws/device-shadow-for-aws-iot-embedded-sdk'
Submodule 'libraries/aws/jobs-for-aws-iot-embedded-sdk' (https://github.com/aws/jobs-for-aws-iot-embedded-sdk.git) registered for path 'libraries/aws/jobs-for-aws-iot-embedded-sdk'
Submodule 'libraries/aws/ota-for-aws-iot-embedded-sdk' (https://github.com/aws/ota-for-aws-iot-embedded-sdk.git) registered for path 'libraries/aws/ota-for-aws-iot-embedded-sdk'
Submodule 'libraries/standard/backoffAlgorithm' (https://github.com/FreeRTOS/backoffAlgorithm.git) registered for path 'libraries/standard/backoffAlgorithm'
Submodule 'libraries/standard/coreHTTP' (https://github.com/FreeRTOS/coreHTTP.git) registered for path 'libraries/standard/coreHTTP'
Submodule 'libraries/standard/coreJSON' (https://github.com/FreeRTOS/coreJSON.git) registered for path 'libraries/standard/coreJSON'
Submodule 'libraries/standard/coreMQTT' (https://github.com/FreeRTOS/coreMQTT.git) registered for path 'libraries/standard/coreMQTT'
Submodule 'libraries/standard/corePKCS11' (https://github.com/FreeRTOS/corePKCS11.git) registered for path 'libraries/standard/corePKCS11'
Cloning into '/cygdrive/c/Users/Johannes/Psoc_X5/mtb_shared/aws-iot-device-sdk-embedded-C/202103.00/demos/jobs/jobs_demo_mosquitto/libmosquitto'...
Cloning into '/cygdrive/c/Users/Johannes/Psoc_X5/mtb_shared/aws-iot-device-sdk-embedded-C/202103.00/libraries/3rdparty/CMock'...
Cloning into '/cygdrive/c/Users/Johannes/Psoc_X5/mtb_shared/aws-iot-device-sdk-embedded-C/202103.00/libraries/aws/device-defender-for-aws-iot-embedded-sdk'...
Cloning into '/cygdrive/c/Users/Johannes/Psoc_X5/mtb_shared/aws-iot-device-sdk-embedded-C/202103.00/libraries/aws/device-shadow-for-aws-iot-embedded-sdk'...
Cloning into '/cygdrive/c/Users/Johannes/Psoc_X5/mtb_shared/aws-iot-device-sdk-embedded-C/202103.00/libraries/aws/jobs-for-aws-iot-embedded-sdk'...
HEAD is now at d839e0f Upload wifi-host-driver 4.1.1.24726 [2752]
Success: git -C C:/Users/Johannes/Psoc_X5/mtb_shared/wifi-host-driver/release-v4.1.1 -c advice.detachedHead=false checkout release-v4.1.1 --force
Cloning into '/cygdrive/c/Users/Johannes/Psoc_X5/mtb_shared/aws-iot-device-sdk-embedded-C/202103.00/libraries/aws/ota-for-aws-iot-embedded-sdk'...
Cloning into '/cygdrive/c/Users/Johannes/Psoc_X5/mtb_shared/aws-iot-device-sdk-embedded-C/202103.00/libraries/standard/backoffAlgorithm'...
Cloning into '/cygdrive/c/Users/Johannes/Psoc_X5/mtb_shared/aws-iot-device-sdk-embedded-C/202103.00/libraries/standard/coreHTTP'...
Cloning into '/cygdrive/c/Users/Johannes/Psoc_X5/mtb_shared/aws-iot-device-sdk-embedded-C/202103.00/libraries/standard/coreJSON'...
HEAD is now at 1873d3bfc Merge pull request #1010 from AndrzejKurek/fix-error-translation
Success: git -C C:/Users/Johannes/Psoc_X5/mtb_shared/mbedtls/mbedtls-3.4.0 -c advice.detachedHead=false checkout mbedtls-3.4.0 --force
Cloning into '/cygdrive/c/Users/Johannes/Psoc_X5/mtb_shared/aws-iot-device-sdk-embedded-C/202103.00/libraries/standard/coreMQTT'...
Cloning into '/cygdrive/c/Users/Johannes/Psoc_X5/mtb_shared/aws-iot-device-sdk-embedded-C/202103.00/libraries/standard/corePKCS11'...
Submodule path 'demos/jobs/jobs_demo_mosquitto/libmosquitto': checked out '0bdf630c2757047dcbf1fd3ad6b7a245addd87fa'
Submodule path 'libraries/3rdparty/CMock': checked out '150573c742ce15061a0b675aa0f8e29c85008062'
Submodule path 'libraries/aws/device-defender-for-aws-iot-embedded-sdk': checked out '548b4688b26d16d0e6134d7d93dcbae103994e40'
Submodule path 'libraries/aws/device-shadow-for-aws-iot-embedded-sdk': checked out 'ff5a3e174ca8f805051c14d9c15b500196e3f79a'
Submodule path 'libraries/aws/jobs-for-aws-iot-embedded-sdk': checked out '19788445bca7f8f85167c83ac12379d3d1022295'
Submodule path 'libraries/aws/ota-for-aws-iot-embedded-sdk': checked out '666241d0f643b07d5146a3715b649d80f8135e0b'
Submodule path 'libraries/standard/backoffAlgorithm': checked out '741697917a5b9264cd5c11e54e23ce3fe3472636'
Submodule path 'libraries/standard/coreHTTP': checked out '88c836c18f46c5ab862810f56b023ecb2ddf7b7b'
Submodule path 'libraries/standard/coreJSON': checked out '19b48dbf1b1f8753d61d8e2916137904ce12b293'
Submodule path 'libraries/standard/coreMQTT': checked out 'ffb68182abfab5e2b9df6ac24b17e3e0fec7b67f'
Submodule path 'libraries/standard/corePKCS11': checked out 'a739b86f90bde81aeea19dab6315250983730211'
Success: git -C C:/Users/Johannes/Psoc_X5/mtb_shared/aws-iot-device-sdk-embedded-C/202103.00 -c protocol.file.allow=always submodule update --init --force
Starting: git -C C:/Users/Johannes/Psoc_X5/mtb_shared/aws-iot-device-sdk-embedded-C/202103.00/libraries/3rdparty/CMock -c protocol.file.allow=always submodule update --init --force
Submodule 'vendor/c_exception' (https://github.com/throwtheswitch/cexception.git) registered for path 'vendor/c_exception'
Submodule 'vendor/unity' (https://github.com/throwtheswitch/unity.git) registered for path 'vendor/unity'
Cloning into '/cygdrive/c/Users/Johannes/Psoc_X5/mtb_shared/aws-iot-device-sdk-embedded-C/202103.00/libraries/3rdparty/CMock/vendor/c_exception'...
Cloning into '/cygdrive/c/Users/Johannes/Psoc_X5/mtb_shared/aws-iot-device-sdk-embedded-C/202103.00/libraries/3rdparty/CMock/vendor/unity'...
Submodule path 'vendor/c_exception': checked out '71b47be7c950f1bf5f7e5303779fa99a16224bb6'
Submodule path 'vendor/unity': checked out 'cf949f45ca6d172a177b00da21310607b97bc7a7'
Success: git -C C:/Users/Johannes/Psoc_X5/mtb_shared/aws-iot-device-sdk-embedded-C/202103.00/libraries/3rdparty/CMock -c protocol.file.allow=always submodule update --init --force
Starting: git -C C:/Users/Johannes/Psoc_X5/mtb_shared/aws-iot-device-sdk-embedded-C/202103.00/libraries/aws/device-defender-for-aws-iot-embedded-sdk -c protocol.file.allow=always submodule update --init --force
Submodule 'test/cbmc/aws-templates-for-cbmc-proofs' (https://github.com/awslabs/aws-templates-for-cbmc-proofs.git) registered for path 'test/cbmc/aws-templates-for-cbmc-proofs'
Submodule 'test/cbmc/litani' (https://github.com/awslabs/aws-build-accumulator) registered for path 'test/cbmc/litani'
Submodule 'test/unit-test/Unity' (https://github.com/ThrowTheSwitch/Unity) registered for path 'test/unit-test/Unity'
Skipping submodule 'test/cbmc/aws-templates-for-cbmc-proofs'
Skipping submodule 'test/cbmc/litani'
Skipping submodule 'test/unit-test/Unity'
Success: git -C C:/Users/Johannes/Psoc_X5/mtb_shared/aws-iot-device-sdk-embedded-C/202103.00/libraries/aws/device-defender-for-aws-iot-embedded-sdk -c protocol.file.allow=always submodule update --init --force
Starting: git -C C:/Users/Johannes/Psoc_X5/mtb_shared/aws-iot-device-sdk-embedded-C/202103.00/libraries/aws/device-shadow-for-aws-iot-embedded-sdk -c protocol.file.allow=always submodule update --init --force
Submodule 'test/cbmc/aws-templates-for-cbmc-proofs' (https://github.com/awslabs/aws-templates-for-cbmc-proofs.git) registered for path 'test/cbmc/aws-templates-for-cbmc-proofs'
Submodule 'test/cbmc/litani' (https://github.com/awslabs/aws-build-accumulator) registered for path 'test/cbmc/litani'
Submodule 'test/unit-test/CMock' (https://github.com/ThrowTheSwitch/CMock) registered for path 'test/unit-test/CMock'
Skipping submodule 'test/cbmc/aws-templates-for-cbmc-proofs'
Skipping submodule 'test/cbmc/litani'
Skipping submodule 'test/unit-test/CMock'
Success: git -C C:/Users/Johannes/Psoc_X5/mtb_shared/aws-iot-device-sdk-embedded-C/202103.00/libraries/aws/device-shadow-for-aws-iot-embedded-sdk -c protocol.file.allow=always submodule update --init --force
Starting: git -C C:/Users/Johannes/Psoc_X5/mtb_shared/aws-iot-device-sdk-embedded-C/202103.00/libraries/aws/jobs-for-aws-iot-embedded-sdk -c protocol.file.allow=always submodule update --init --force
Submodule 'test/cbmc/aws-templates-for-cbmc-proofs' (https://github.com/awslabs/aws-templates-for-cbmc-proofs.git) registered for path 'test/cbmc/aws-templates-for-cbmc-proofs'
Submodule 'test/cbmc/litani' (https://github.com/awslabs/aws-build-accumulator) registered for path 'test/cbmc/litani'
Submodule 'test/unit-test/Unity' (https://github.com/ThrowTheSwitch/Unity) registered for path 'test/unit-test/Unity'
Skipping submodule 'test/cbmc/aws-templates-for-cbmc-proofs'
Skipping submodule 'test/cbmc/litani'
Skipping submodule 'test/unit-test/Unity'
Success: git -C C:/Users/Johannes/Psoc_X5/mtb_shared/aws-iot-device-sdk-embedded-C/202103.00/libraries/aws/jobs-for-aws-iot-embedded-sdk -c protocol.file.allow=always submodule update --init --force
Starting: git -C C:/Users/Johannes/Psoc_X5/mtb_shared/aws-iot-device-sdk-embedded-C/202103.00/libraries/aws/ota-for-aws-iot-embedded-sdk -c protocol.file.allow=always submodule update --init --force
Submodule 'tinycbor' (https://github.com/intel/tinycbor.git) registered for path 'source/dependency/3rdparty/tinycbor'
Submodule 'coreJSON' (https://github.com/FreeRTOS/coreJSON.git) registered for path 'source/dependency/coreJSON'
Submodule 'test/unit-test/CMock' (https://github.com/ThrowTheSwitch/CMock.git) registered for path 'test/unit-test/CMock'
Cloning into '/cygdrive/c/Users/Johannes/Psoc_X5/mtb_shared/aws-iot-device-sdk-embedded-C/202103.00/libraries/aws/ota-for-aws-iot-embedded-sdk/source/dependency/3rdparty/tinycbor'...
Cloning into '/cygdrive/c/Users/Johannes/Psoc_X5/mtb_shared/aws-iot-device-sdk-embedded-C/202103.00/libraries/aws/ota-for-aws-iot-embedded-sdk/source/dependency/coreJSON'...
Skipping submodule 'test/unit-test/CMock'
Submodule path 'source/dependency/3rdparty/tinycbor': checked out '9924cfed3b95ad6de299ae675064430fdb886216'
Submodule path 'source/dependency/coreJSON': checked out '97a906a2761b71434ffa9d838cd0500543b7dadc'
Success: git -C C:/Users/Johannes/Psoc_X5/mtb_shared/aws-iot-device-sdk-embedded-C/202103.00/libraries/aws/ota-for-aws-iot-embedded-sdk -c protocol.file.allow=always submodule update --init --force
Starting: git -C C:/Users/Johannes/Psoc_X5/mtb_shared/aws-iot-device-sdk-embedded-C/202103.00/libraries/standard/backoffAlgorithm -c protocol.file.allow=always submodule update --init --force
Submodule 'test/unit-test/Unity' (https://github.com/ThrowTheSwitch/Unity) registered for path 'test/unit-test/Unity'
Skipping submodule 'test/unit-test/Unity'
Success: git -C C:/Users/Johannes/Psoc_X5/mtb_shared/aws-iot-device-sdk-embedded-C/202103.00/libraries/standard/backoffAlgorithm -c protocol.file.allow=always submodule update --init --force
Starting: git -C C:/Users/Johannes/Psoc_X5/mtb_shared/aws-iot-device-sdk-embedded-C/202103.00/libraries/standard/coreHTTP -c protocol.file.allow=always submodule update --init --force
Submodule 'source/dependency/3rdparty/http_parser' (https://github.com/nodejs/http-parser.git) registered for path 'source/dependency/3rdparty/http_parser'
Submodule 'test/cbmc/aws-templates-for-cbmc-proofs' (https://github.com/awslabs/aws-templates-for-cbmc-proofs.git) registered for path 'test/cbmc/aws-templates-for-cbmc-proofs'
Submodule 'test/cbmc/litani' (https://github.com/awslabs/aws-build-accumulator) registered for path 'test/cbmc/litani'
Submodule 'test/unit-test/CMock' (https://github.com/ThrowTheSwitch/CMock.git) registered for path 'test/unit-test/CMock'
Cloning into '/cygdrive/c/Users/Johannes/Psoc_X5/mtb_shared/aws-iot-device-sdk-embedded-C/202103.00/libraries/standard/coreHTTP/source/dependency/3rdparty/http_parser'...
Skipping submodule 'test/cbmc/aws-templates-for-cbmc-proofs'
Skipping submodule 'test/cbmc/litani'
Skipping submodule 'test/unit-test/CMock'
Submodule path 'source/dependency/3rdparty/http_parser': checked out 'ec8b5ee63f0e51191ea43bb0c6eac7bfbff3141d'
Success: git -C C:/Users/Johannes/Psoc_X5/mtb_shared/aws-iot-device-sdk-embedded-C/202103.00/libraries/standard/coreHTTP -c protocol.file.allow=always submodule update --init --force
Starting: git -C C:/Users/Johannes/Psoc_X5/mtb_shared/aws-iot-device-sdk-embedded-C/202103.00/libraries/standard/coreJSON -c protocol.file.allow=always submodule update --init --force
Submodule 'test/cbmc/aws-templates-for-cbmc-proofs' (https://github.com/awslabs/aws-templates-for-cbmc-proofs.git) registered for path 'test/cbmc/aws-templates-for-cbmc-proofs'
Submodule 'test/cbmc/litani' (https://github.com/awslabs/aws-build-accumulator) registered for path 'test/cbmc/litani'
Submodule 'test/unit-test/Unity' (https://github.com/ThrowTheSwitch/Unity) registered for path 'test/unit-test/Unity'
Skipping submodule 'test/cbmc/aws-templates-for-cbmc-proofs'
Skipping submodule 'test/cbmc/litani'
Skipping submodule 'test/unit-test/Unity'
Success: git -C C:/Users/Johannes/Psoc_X5/mtb_shared/aws-iot-device-sdk-embedded-C/202103.00/libraries/standard/coreJSON -c protocol.file.allow=always submodule update --init --force
Starting: git -C C:/Users/Johannes/Psoc_X5/mtb_shared/aws-iot-device-sdk-embedded-C/202103.00/libraries/standard/coreMQTT -c protocol.file.allow=always submodule update --init --force
Submodule 'test/cbmc/aws-templates-for-cbmc-proofs' (https://github.com/awslabs/aws-templates-for-cbmc-proofs.git) registered for path 'test/cbmc/aws-templates-for-cbmc-proofs'
Submodule 'test/cbmc/litani' (https://github.com/awslabs/aws-build-accumulator) registered for path 'test/cbmc/litani'
Submodule 'test/unit-test/CMock' (https://github.com/ThrowTheSwitch/CMock) registered for path 'test/unit-test/CMock'
Skipping submodule 'test/cbmc/aws-templates-for-cbmc-proofs'
Skipping submodule 'test/cbmc/litani'
Skipping submodule 'test/unit-test/CMock'
Success: git -C C:/Users/Johannes/Psoc_X5/mtb_shared/aws-iot-device-sdk-embedded-C/202103.00/libraries/standard/coreMQTT -c protocol.file.allow=always submodule update --init --force
Starting: git -C C:/Users/Johannes/Psoc_X5/mtb_shared/aws-iot-device-sdk-embedded-C/202103.00/libraries/standard/corePKCS11 -c protocol.file.allow=always submodule update --init --force
Submodule 'source/dependency/3rdparty/mbedtls' (https://github.com/ARMmbed/mbedtls.git) registered for path 'source/dependency/3rdparty/mbedtls'
Submodule 'source/dependency/3rdparty/pkcs11' (https://github.com/amazon-freertos/pkcs11.git) registered for path 'source/dependency/3rdparty/pkcs11'
Submodule 'test/cbmc/aws-templates-for-cbmc-proofs' (https://github.com/awslabs/aws-templates-for-cbmc-proofs) registered for path 'test/cbmc/aws-templates-for-cbmc-proofs'
Submodule 'test/cbmc/litani' (https://github.com/awslabs/aws-build-accumulator.git) registered for path 'test/cbmc/litani'
Submodule 'test/unit-test/CMock' (https://github.com/ThrowTheSwitch/CMock.git) registered for path 'test/unit-test/CMock'
Skipping submodule 'source/dependency/3rdparty/mbedtls'
Cloning into '/cygdrive/c/Users/Johannes/Psoc_X5/mtb_shared/aws-iot-device-sdk-embedded-C/202103.00/libraries/standard/corePKCS11/source/dependency/3rdparty/pkcs11'...
Skipping submodule 'test/cbmc/aws-templates-for-cbmc-proofs'
Skipping submodule 'test/cbmc/litani'
Skipping submodule 'test/unit-test/CMock'
Submodule path 'source/dependency/3rdparty/pkcs11': checked out '9304ef6842d08d881ccd1daa8d3a428f3a9671ee'
Success: git -C C:/Users/Johannes/Psoc_X5/mtb_shared/aws-iot-device-sdk-embedded-C/202103.00/libraries/standard/corePKCS11 -c protocol.file.allow=always submodule update --init --force
Starting: git -C C:/Users/Johannes/Psoc_X5/mtb_shared/aws-iot-device-sdk-embedded-C/202103.00/libraries/aws/ota-for-aws-iot-embedded-sdk/source/dependency/coreJSON -c protocol.file.allow=always submodule update --init --force
Submodule 'test/cbmc/aws-templates-for-cbmc-proofs' (https://github.com/awslabs/aws-templates-for-cbmc-proofs.git) registered for path 'test/cbmc/aws-templates-for-cbmc-proofs'
Submodule 'test/cbmc/litani' (https://github.com/awslabs/aws-build-accumulator) registered for path 'test/cbmc/litani'
Submodule 'test/unit-test/Unity' (https://github.com/ThrowTheSwitch/Unity) registered for path 'test/unit-test/Unity'
Skipping submodule 'test/cbmc/aws-templates-for-cbmc-proofs'
Skipping submodule 'test/cbmc/litani'
Skipping submodule 'test/unit-test/Unity'
Success: git -C C:/Users/Johannes/Psoc_X5/mtb_shared/aws-iot-device-sdk-embedded-C/202103.00/libraries/aws/ota-for-aws-iot-embedded-sdk/source/dependency/coreJSON -c protocol.file.allow=always submodule update --init --force
Copying template files from C:/Users/Johannes/Psoc_X5/MQTT_client/templates/TARGET_CY8CPROTO-062-4343W to C:/Users/Johannes/Psoc_X5/MQTT_client/bsps/TARGET_APP_CY8CPROTO-062-4343W
Requested to change the active target to 'APP_CY8CPROTO-062-4343W'.
Removed the file 'C:/Users/Johannes/Psoc_X5/MQTT_client/deps/TARGET_CY8CPROTO-062-4343W.mtb'.
Writing the file 'C:/Users/Johannes/Psoc_X5/MQTT_client/libs/app.mk'.
Successfully committed changes to the project 'mtb-example-wifi-mqtt-client'.
Project "MQTT_client" created successfully.
Successfully created "MQTT_client" application.
==============================================================================
= Export "MQTT_client" application to Eclipse IDE for ModusToolbox™ =
==============================================================================
make eclipse CY_IDE_PRJNAME=MQTT_client CY_MAKE_IDE=eclipse CY_MAKE_IDE_VERSION=3.2 CY_TOOLS_PATHS=C:/Users/Johannes/ModusToolbox/tools_3.2 MTB_MAKE_ECLIPSE_FORCE_REGENERATE_PROJECT=1
Tools Directory: C:/Users/Johannes/ModusToolbox/tools_3.2
Searching installed tools in progress...
Searching installed tools complete
Initializing build: mtb-example-wifi-mqtt-client Debug APP_CY8CPROTO-062-4343W GCC_ARM
Prebuild operations complete
Auto-discovery in progress...
Auto-discovery complete
Commencing build operations...
Tools Directory: C:/Users/Johannes/ModusToolbox/tools_3.2
Constructing build rules...
Build rules construction complete
==============================================================================
= Building application =
==============================================================================
Generating compilation database file...
-> ./build/compile_commands.json
Compilation database file generation complete
Generated C:/Users/Johannes/Psoc_X5/MQTT_client/.cproject
Generated C:/Users/Johannes/Psoc_X5/MQTT_client/.project
Generated C:/Users/Johannes/Psoc_X5/MQTT_client/.mtbLaunchConfigs/MQTT_client Attach (KitProg3_MiniProg4).launch
Generated C:/Users/Johannes/Psoc_X5/MQTT_client/.mtbLaunchConfigs/MQTT_client Debug (KitProg3_MiniProg4).launch
Generated C:/Users/Johannes/Psoc_X5/MQTT_client/.mtbLaunchConfigs/MQTT_client Erase (KitProg3_MiniProg4).launch
Generated C:/Users/Johannes/Psoc_X5/MQTT_client/.mtbLaunchConfigs/MQTT_client Program (KitProg3_MiniProg4).launch
Instructions:
1. Open Eclipse IDE for ModusToolbox
2. Select 'Import Existing Application In-Place' from the QuickPanel
3. Browse to the application root directory
The application "MQTT_client" was successfully exported to Eclipse IDE for ModusToolbox™.
0 error(s), 0 warning(s)

Summary:

Successfully created and exported "MQTT_client" application.
