15:51:08 **** Incremental Build of configuration Debug for project Empty_App ****
"C:\\Users\\moham\\ModusToolbox\\tools_3.2\\modus-shell\\bin\\make" CY_MAKE_IDE=eclipse CY_IDE_TOOLS_DIR=C:/Users/moham/ModusToolbox/tools_3.2 CY_IDE_BT_TOOLS_DIR= -j8 --output-sync all 
Tools Directory: C:/Users/moham/ModusToolbox/tools_3.2
Searching installed tools in progress...
Searching installed tools complete


Initializing build: mtb-example-empty-app Debug APP_CY8CPROTO-062-4343W GCC_ARM

Prebuild operations complete

Auto-discovery in progress...
Auto-discovery complete
Commencing build operations...

Tools Directory: C:/Users/moham/ModusToolbox/tools_3.2

Constructing build rules...
Build rules construction complete

==============================================================================
= Building application =
==============================================================================
Generating compilation database file...
-> ./build/compile_commands.json
Compilation database file generation complete
Building 260 file(s)
Compiling task_send_motor_pins.c -DCOMPONENT_4343W -DCOMPONENT_APP_CY8CPROTO_062_4343W -DCOMPONENT_CAT1 -DCOMPONENT_CAT1A -DCOMPONENT_CM0P_SLEEP -DCOMPONENT_CM4 -DCOMPONENT_CM4_0 -DCOMPONENT_Debug -DCOMPONENT_FREERTOS -DCOMPONENT_GCC_ARM -DCOMPONENT_HCI_UART -DCOMPONENT_MURATA_1DX -DCOMPONENT_MW_ABSTRACTION_RTOS -DCOMPONENT_MW_CAT1CM0P -DCOMPONENT_MW_CLIB_SUPPORT -DCOMPONENT_MW_CMSIS -DCOMPONENT_MW_CORE_LIB -DCOMPONENT_MW_CORE_MAKE -DCOMPONENT_MW_FREERTOS -DCOMPONENT_MW_MTB_HAL_CAT1 -DCOMPONENT_MW_MTB_PDL_CAT1 -DCOMPONENT_MW_RECIPE_MAKE_CAT1A -DCOMPONENT_MW_RETARGET_IO -DCOMPONENT_PSOC6_02 -DCOMPONENT_SOFTFP -DCOMPONENT_WIFI_INTERFACE_SDIO -DCORE_NAME_CM4_0=1 -DCY8C624ABZI_S2D44 -DCY_APPNAME_mtb_example_empty_app -DCY_SUPPORTS_DEVICE_VALIDATION -DCY_TARGET_BOARD=APP_CY8CPROTO_062_4343W -DCY_USING_HAL -DDEBUG -DTARGET_APP_CY8CPROTO_062_4343W  -I. -Ibsps/TARGET_APP_CY8CPROTO-062-4343W -Ibsps -Ibsps/TARGET_APP_CY8CPROTO-062-4343W/bluetooth -Ibsps/TARGET_APP_CY8CPROTO-062-4343W/config/GeneratedSource -Ibsps/TARGET_APP_CY8CPROTO-062-4343W/config -I../mtb_shared/freertos/release-v10.5.002/Source/include -I../mtb_shared/freertos/release-v10.5.002/Source -I../mtb_shared/freertos/release-v10.5.002 -I../mtb_shared/freertos/release-v10.5.002/Source/portable/COMPONENT_CM4 -I../mtb_shared/freertos/release-v10.5.002/Source/portable -I../mtb_shared/freertos/release-v10.5.002/Source/portable/COMPONENT_CM4/TOOLCHAIN_GCC_ARM -I../mtb_shared/retarget-io/release-v1.6.0/include -I../mtb_shared/retarget-io/release-v1.6.0 -I../mtb_shared/abstraction-rtos/release-v1.8.2/include -I../mtb_shared/abstraction-rtos/release-v1.8.2 -I../mtb_shared/abstraction-rtos/release-v1.8.2/include/COMPONENT_FREERTOS -I../mtb_shared/cat1cm0p/release-v1.7.0/COMPONENT_CAT1A -I../mtb_shared/cat1cm0p/release-v1.7.0 -I../mtb_shared/clib-support/release-v1.5.0 -I../mtb_shared/clib-support/release-v1.5.0/TOOLCHAIN_GCC_ARM -I../mtb_shared/cmsis/release-v5.8.1/Core/Include -I../mtb_shared/cmsis/release-v5.8.1/Core -I../mtb_shared/cmsis/release-v5.8.1 -I../mtb_shared/core-lib/release-v1.4.2/include -I../mtb_shared/core-lib/release-v1.4.2 -I../mtb_shared/mtb-hal-cat1/release-v2.6.1/COMPONENT_CAT1A/include/pin_packages -I../mtb_shared/mtb-hal-cat1/release-v2.6.1/COMPONENT_CAT1A/include -I../mtb_shared/mtb-hal-cat1/release-v2.6.1/COMPONENT_CAT1A -I../mtb_shared/mtb-hal-cat1/release-v2.6.1 -I../mtb_shared/mtb-hal-cat1/release-v2.6.1/COMPONENT_CAT1A/include/triggers -I../mtb_shared/mtb-hal-cat1/release-v2.6.1/include -I../mtb_shared/mtb-hal-cat1/release-v2.6.1/include_pvt -I../mtb_shared/mtb-hal-cat1/release-v2.6.1/source -I../mtb_shared/mtb-pdl-cat1/release-v3.12.0/devices/COMPONENT_CAT1A/include -I../mtb_shared/mtb-pdl-cat1/release-v3.12.0/devices/COMPONENT_CAT1A -I../mtb_shared/mtb-pdl-cat1/release-v3.12.0/devices -I../mtb_shared/mtb-pdl-cat1/release-v3.12.0 -I../mtb_shared/mtb-pdl-cat1/release-v3.12.0/devices/COMPONENT_CAT1A/include/ip -I../mtb_shared/mtb-pdl-cat1/release-v3.12.0/drivers/include -I../mtb_shared/mtb-pdl-cat1/release-v3.12.0/drivers -I../mtb_shared/mtb-pdl-cat1/release-v3.12.0/drivers/third_party/ethernet/include -I../mtb_shared/mtb-pdl-cat1/release-v3.12.0/drivers/third_party/ethernet -I../mtb_shared/mtb-pdl-cat1/release-v3.12.0/drivers/third_party 
In file included from ../mtb_shared/freertos/release-v10.5.002/Source/include/FreeRTOS.h:59,
                 from task_send_motor_pins.c:8:
../mtb_shared/freertos/release-v10.5.002/Source/portable/COMPONENT_CM4/FreeRTOSConfig.h:56:2: warning: #warning This is a template. Copy this file to your project and remove this line. Refer to FreeRTOS README.md for usage details. [-Wcpp]
   56 | #warning This is a template. Copy this file to your project and remove this line. Refer to FreeRTOS README.md for usage details.
      |  ^~~~~~~
    Linking output file mtb-example-empty-app.elf
C:/Users/moham/ModusToolbox/tools_3.2/gcc/bin/arm-none-eabi-objcopy -O ihex C:/Users/moham/Documents/Psoc_X5/Empty_App/build/APP_CY8CPROTO-062-4343W/Debug/mtb-example-empty-app.elf C:/Users/moham/Documents/Psoc_X5/Empty_App/build/APP_CY8CPROTO-062-4343W/Debug/mtb-example-empty-app.hex
==============================================================================
= Build complete =
==============================================================================

Calculating memory consumption: CY8C624ABZI-S2D44 GCC_ARM

   ---------------------------------------------------- 
  | Section Name         |  Address      |  Size       | 
   ---------------------------------------------------- 
  | .cy_m0p_image        |  0x10000000   |  6352       | 
  | .text                |  0x10002000   |  42476      | 
  | .ARM.exidx           |  0x1000c5ec   |  8          | 
  | .copy.table          |  0x1000c5f4   |  24         | 
  | .zero.table          |  0x1000c60c   |  8          | 
  | .data                |  0x080022e0   |  1272       | 
  | .cy_sharedmem        |  0x080027d8   |  8          | 
  | .noinit              |  0x080027e0   |  228        | 
  | .bss                 |  0x080028c4   |  4552       | 
  | .heap                |  0x08003a90   |  1027440    | 
   ---------------------------------------------------- 

  Total Internal Flash (Available)          2097152    
  Total Internal Flash (Utilized)           51996      



15:51:14 Build Finished. 0 errors, 1 warnings. (took 6s.11ms)

